<?xml version="1.0" encoding="UTF-8"?>
<testng-results ignored="0" total="2" passed="2" failed="0" skipped="0">
  <reporter-output>
  </reporter-output>
  <suite started-at="2024-03-19T16:55:17 AEDT" name="Suite" finished-at="2024-03-19T16:55:22 AEDT" duration-ms="5164">
    <groups>
    </groups>
    <test started-at="2024-03-19T16:55:17 AEDT" name="Test" finished-at="2024-03-19T16:55:22 AEDT" duration-ms="5164">
      <class name="com.jenkins_tutorial.basics.FbTest">
        <test-method is-config="true" signature="setUp()[pri:0, instance:com.jenkins_tutorial.basics.FbTest@dbf57b3]" started-at="2024-03-19T16:55:17 AEDT" name="setUp" finished-at="2024-03-19T16:55:22 AEDT" duration-ms="4902" status="PASS">
          <reporter-output>
          </reporter-output>
        </test-method> <!-- setUp -->
        <test-method signature="verifyTitle()[pri:1, instance:com.jenkins_tutorial.basics.FbTest@dbf57b3]" started-at="2024-03-19T16:55:22 AEDT" name="verifyTitle" finished-at="2024-03-19T16:55:22 AEDT" duration-ms="26" status="PASS">
          <reporter-output>
          </reporter-output>
        </test-method> <!-- verifyTitle -->
        <test-method signature="verifyUrl()[pri:2, instance:com.jenkins_tutorial.basics.FbTest@dbf57b3]" started-at="2024-03-19T16:55:22 AEDT" name="verifyUrl" finished-at="2024-03-19T16:55:22 AEDT" duration-ms="28" status="PASS">
          <reporter-output>
          </reporter-output>
        </test-method> <!-- verifyUrl -->
        <test-method is-config="true" signature="tearDown()[pri:0, instance:com.jenkins_tutorial.basics.FbTest@dbf57b3]" started-at="2024-03-19T16:55:22 AEDT" name="tearDown" finished-at="2024-03-19T16:55:22 AEDT" duration-ms="115" status="PASS">
          <reporter-output>
          </reporter-output>
        </test-method> <!-- tearDown -->
      </class> <!-- com.jenkins_tutorial.basics.FbTest -->
    </test> <!-- Test -->
  </suite> <!-- Suite -->
</testng-results>
